<?xml version="1.0" encoding="UTF-8"?>
<testng-results total="3" passed="3" failed="0" skipped="0">
  <reporter-output>
  </reporter-output>
  <suite started-at="2019-04-11T17:39:00Z" name="Suite" finished-at="2019-04-11T17:39:00Z" duration-ms="37">
    <groups>
    </groups>
    <test started-at="2019-04-11T17:39:00Z" name="Test" finished-at="2019-04-11T17:39:00Z" duration-ms="37">
      <class name="com.AutomationTests.demoProject.TestClass1">
        <test-method is-config="true" signature="launchDriver()[pri:0, instance:com.AutomationTests.demoProject.TestClass1@49139829]" started-at="2019-04-11T23:09:00Z" name="launchDriver" finished-at="2019-04-11T23:09:00Z" duration-ms="11" status="PASS">
          <reporter-output>
          </reporter-output>
        </test-method> <!-- launchDriver -->
        <test-method signature="Test1()[pri:0, instance:com.AutomationTests.demoProject.TestClass1@49139829]" started-at="2019-04-11T23:09:00Z" name="Test1" finished-at="2019-04-11T23:09:00Z" duration-ms="1" status="PASS">
          <reporter-output>
          </reporter-output>
        </test-method> <!-- Test1 -->
        <test-method is-config="true" signature="closeDriver()[pri:0, instance:com.AutomationTests.demoProject.TestClass1@49139829]" started-at="2019-04-11T23:09:00Z" name="closeDriver" finished-at="2019-04-11T23:09:00Z" duration-ms="0" status="PASS">
          <reporter-output>
          </reporter-output>
        </test-method> <!-- closeDriver -->
        <test-method is-config="true" signature="launchDriver()[pri:0, instance:com.AutomationTests.demoProject.TestClass1@49139829]" started-at="2019-04-11T23:09:00Z" name="launchDriver" finished-at="2019-04-11T23:09:00Z" duration-ms="1" status="PASS">
          <reporter-output>
          </reporter-output>
        </test-method> <!-- launchDriver -->
        <test-method signature="Test2()[pri:0, instance:com.AutomationTests.demoProject.TestClass1@49139829]" started-at="2019-04-11T23:09:00Z" name="Test2" finished-at="2019-04-11T23:09:00Z" duration-ms="0" status="PASS">
          <reporter-output>
          </reporter-output>
        </test-method> <!-- Test2 -->
        <test-method is-config="true" signature="closeDriver()[pri:0, instance:com.AutomationTests.demoProject.TestClass1@49139829]" started-at="2019-04-11T23:09:00Z" name="closeDriver" finished-at="2019-04-11T23:09:00Z" duration-ms="0" status="PASS">
          <reporter-output>
          </reporter-output>
        </test-method> <!-- closeDriver -->
        <test-method is-config="true" signature="launchDriver()[pri:0, instance:com.AutomationTests.demoProject.TestClass1@49139829]" started-at="2019-04-11T23:09:00Z" name="launchDriver" finished-at="2019-04-11T23:09:00Z" duration-ms="1" status="PASS">
          <reporter-output>
          </reporter-output>
        </test-method> <!-- launchDriver -->
        <test-method signature="Test3()[pri:0, instance:com.AutomationTests.demoProject.TestClass1@49139829]" started-at="2019-04-11T23:09:00Z" name="Test3" finished-at="2019-04-11T23:09:00Z" duration-ms="0" status="PASS">
          <reporter-output>
          </reporter-output>
        </test-method> <!-- Test3 -->
        <test-method is-config="true" signature="closeDriver()[pri:0, instance:com.AutomationTests.demoProject.TestClass1@49139829]" started-at="2019-04-11T23:09:00Z" name="closeDriver" finished-at="2019-04-11T23:09:00Z" duration-ms="0" status="PASS">
          <reporter-output>
          </reporter-output>
        </test-method> <!-- closeDriver -->
      </class> <!-- com.AutomationTests.demoProject.TestClass1 -->
    </test> <!-- Test -->
  </suite> <!-- Suite -->
</testng-results>
