<?xml version="1.0" encoding="UTF-8"?>
<testsuite name="TestSuite" time="10.829" tests="6" errors="0" skipped="5" failures="1">
  <properties>
[...]
</properties>
  <testcase name="launchDriver" classname="com.AutomationTests.demoProject.TestClass1" time="10.829">
    <failure message="Failed to connect to SafariDriver after 10125 ms&#10;Build info: version: &apos;2.53.0&apos;, revision: &apos;35ae25b1534ae328c771e0856c93e187490ca824&apos;, time: &apos;2016-03-15 10:43:46&apos;&#10;System info: host: &apos;Harishs-Air-2224&apos;, ip: &apos;192.168.43.161&apos;, os.name: &apos;Mac OS X&apos;, os.arch: &apos;x86_64&apos;, os.version: &apos;10.14&apos;, java.version: &apos;10.0.1&apos;&#10;Driver info: driver.version: SafariDriver" type="org.openqa.selenium.remote.UnreachableBrowserException"><![CDATA[org.openqa.selenium.remote.UnreachableBrowserException: Failed to connect to SafariDriver after 10125 ms
Build info: version: '2.53.0', revision: '35ae25b1534ae328c771e0856c93e187490ca824', time: '2016-03-15 10:43:46'
System info: host: 'Harishs-Air-2224', ip: '192.168.43.161', os.name: 'Mac OS X', os.arch: 'x86_64', os.version: '10.14', java.version: '10.0.1'
Driver info: driver.version: SafariDriver
	at org.openqa.selenium.safari.SafariDriverCommandExecutor.start(SafariDriverCommandExecutor.java:121)
	at org.openqa.selenium.safari.SafariDriver.startClient(SafariDriver.java:76)
	at org.openqa.selenium.remote.RemoteWebDriver.<init>(RemoteWebDriver.java:119)
	at org.openqa.selenium.remote.RemoteWebDriver.<init>(RemoteWebDriver.java:144)
	at org.openqa.selenium.safari.SafariDriver.<init>(SafariDriver.java:62)
	at org.openqa.selenium.safari.SafariDriver.<init>(SafariDriver.java:42)
	at com.AutomationTests.demoProject.TestClass1.launchDriver(TestClass1.java:21)
]]></failure>
    <system-out>[/Users/harishsindel/eclipse-workspace/demoProject]
</system-out>
    <system-err>Mar 26, 2019 1:42:17 AM org.openqa.selenium.safari.SafariDriverServer start
INFO: Server started on port 4897
Mar 26, 2019 1:42:17 AM org.openqa.selenium.safari.SafariDriverCommandExecutor start
INFO: Launching Safari
Mar 26, 2019 1:42:17 AM org.openqa.selenium.safari.SafariDriverCommandExecutor start
INFO: Waiting for SafariDriver to connect
Mar 26, 2019 1:42:27 AM org.openqa.selenium.safari.SafariDriverCommandExecutor stop
INFO: Shutting down
Mar 26, 2019 1:42:27 AM org.openqa.selenium.safari.SafariDriverCommandExecutor stop
INFO: Stopping Safari
Mar 26, 2019 1:42:27 AM org.openqa.selenium.safari.SafariDriverCommandExecutor stop
INFO: Stopping server
Mar 26, 2019 1:42:27 AM org.openqa.selenium.safari.SafariDriverServer stop
INFO: Stopping server
Mar 26, 2019 1:42:28 AM org.openqa.selenium.safari.SafariDriverCommandExecutor stop
INFO: Shutdown complete
Mar 26, 2019 1:42:28 AM org.openqa.selenium.safari.SafariDriverCommandExecutor stop
INFO: Shutting down
Mar 26, 2019 1:42:28 AM org.openqa.selenium.safari.SafariDriverCommandExecutor stop
INFO: Stopping server
Mar 26, 2019 1:42:28 AM org.openqa.selenium.safari.SafariDriverCommandExecutor stop
INFO: Shutdown complete
</system-err>
  </testcase>
  <testcase name="Test1" classname="com.AutomationTests.demoProject.TestClass1" time="0">
    <skipped/>
  </testcase>
  <testcase name="launchDriver" classname="com.AutomationTests.demoProject.TestClass1" time="0">
    <skipped/>
  </testcase>
  <testcase name="Test2" classname="com.AutomationTests.demoProject.TestClass1" time="0">
    <skipped/>
  </testcase>
  <testcase name="launchDriver" classname="com.AutomationTests.demoProject.TestClass1" time="0">
    <skipped/>
  </testcase>
  <testcase name="Test3" classname="com.AutomationTests.demoProject.TestClass1" time="0">
    <skipped/>
  </testcase>
</testsuite>