<?xml version="1.0" encoding="UTF-8"?>
<testsuite name="TestSuite" time="0.081" tests="3" errors="0" skipped="0" failures="3">
  <properties>
[...]
</properties>
  <testcase name="Test1" classname="com.AutomationTests.demoProject.TestClass1" time="0.045">
    <failure message="unknown error: unhandled inspector error: {&quot;code&quot;:-32000,&quot;message&quot;:&quot;Cannot navigate to invalid URL&quot;}&#10;  (Session info: chrome=73.0.3683.86)&#10;  (Driver info: chromedriver=73.0.3683.68 (47787ec04b6e38e22703e856e101e840b65afe72),platform=Mac OS X 10.14.0 x86_64) (WARNING: The server did not provide any stacktrace information)&#10;Command duration or timeout: 11 milliseconds&#10;Build info: version: &apos;2.53.0&apos;, revision: &apos;35ae25b1534ae328c771e0856c93e187490ca824&apos;, time: &apos;2016-03-15 10:43:46&apos;&#10;System info: host: &apos;Harishs-Air-2224&apos;, ip: &apos;192.168.43.161&apos;, os.name: &apos;Mac OS X&apos;, os.arch: &apos;x86_64&apos;, os.version: &apos;10.14&apos;, java.version: &apos;10.0.1&apos;&#10;Driver info: org.openqa.selenium.chrome.ChromeDriver&#10;Capabilities [{mobileEmulationEnabled=false, timeouts={implicit=0, pageLoad=300000, script=30000}, hasTouchScreen=false, platform=MAC, acceptSslCerts=false, goog:chromeOptions={debuggerAddress=localhost:51125}, acceptInsecureCerts=false, webStorageEnabled=true, browserName=chrome, takesScreenshot=true, javascriptEnabled=true, setWindowRect=true, unexpectedAlertBehaviour=ignore, applicationCacheEnabled=false, rotatable=false, networkConnectionEnabled=false, chrome={chromedriverVersion=73.0.3683.68 (47787ec04b6e38e22703e856e101e840b65afe72), userDataDir=/var/folders/zz/0y4kq19564qbrm24vv7s6_t40000gn/T/.com.google.Chrome.TUQzWh}, takesHeapSnapshot=true, pageLoadStrategy=normal, strictFileInteractability=false, databaseEnabled=false, handlesAlerts=true, version=73.0.3683.86, browserConnectionEnabled=false, proxy={}, nativeEvents=true, locationContextEnabled=true, cssSelectorsEnabled=true}]&#10;Session ID: 33716d89b3013cad8e8053c3f8ef56ea" type="org.openqa.selenium.WebDriverException">org.openqa.selenium.WebDriverException: unknown error: unhandled inspector error: {"code":-32000,"message":"Cannot navigate to invalid URL"}
  (Session info: chrome=73.0.3683.86)
  (Driver info: chromedriver=73.0.3683.68 (47787ec04b6e38e22703e856e101e840b65afe72),platform=Mac OS X 10.14.0 x86_64) (WARNING: The server did not provide any stacktrace information)
Command duration or timeout: 11 milliseconds
Build info: version: '2.53.0', revision: '35ae25b1534ae328c771e0856c93e187490ca824', time: '2016-03-15 10:43:46'
System info: host: 'Harishs-Air-2224', ip: '192.168.43.161', os.name: 'Mac OS X', os.arch: 'x86_64', os.version: '10.14', java.version: '10.0.1'
Driver info: org.openqa.selenium.chrome.ChromeDriver
Capabilities [{mobileEmulationEnabled=false, timeouts={implicit=0, pageLoad=300000, script=30000}, hasTouchScreen=false, platform=MAC, acceptSslCerts=false, goog:chromeOptions={debuggerAddress=localhost:51125}, acceptInsecureCerts=false, webStorageEnabled=true, browserName=chrome, takesScreenshot=true, javascriptEnabled=true, setWindowRect=true, unexpectedAlertBehaviour=ignore, applicationCacheEnabled=false, rotatable=false, networkConnectionEnabled=false, chrome={chromedriverVersion=73.0.3683.68 (47787ec04b6e38e22703e856e101e840b65afe72), userDataDir=/var/folders/zz/0y4kq19564qbrm24vv7s6_t40000gn/T/.com.google.Chrome.TUQzWh}, takesHeapSnapshot=true, pageLoadStrategy=normal, strictFileInteractability=false, databaseEnabled=false, handlesAlerts=true, version=73.0.3683.86, browserConnectionEnabled=false, proxy={}, nativeEvents=true, locationContextEnabled=true, cssSelectorsEnabled=true}]
Session ID: 33716d89b3013cad8e8053c3f8ef56ea
	at java.base/jdk.internal.reflect.NativeConstructorAccessorImpl.newInstance0(Native Method)
	at java.base/jdk.internal.reflect.NativeConstructorAccessorImpl.newInstance(NativeConstructorAccessorImpl.java:62)
	at java.base/jdk.internal.reflect.DelegatingConstructorAccessorImpl.newInstance(DelegatingConstructorAccessorImpl.java:45)
	at java.base/java.lang.reflect.Constructor.newInstance(Constructor.java:488)
	at org.openqa.selenium.remote.ErrorHandler.createThrowable(ErrorHandler.java:206)
	at org.openqa.selenium.remote.ErrorHandler.throwIfResponseFailed(ErrorHandler.java:158)
	at org.openqa.selenium.remote.RemoteWebDriver.execute(RemoteWebDriver.java:678)
	at org.openqa.selenium.remote.RemoteWebDriver.get(RemoteWebDriver.java:316)
	at org.openqa.selenium.remote.RemoteWebDriver$RemoteNavigation.to(RemoteWebDriver.java:969)
	at com.AutomationTests.demoProject.TestClass1.Test1(TestClass1.java:35)
</failure>
    <system-out>[/Users/harishsindel/eclipse-workspace/demoProject]
Test1
</system-out>
    <system-err>Starting ChromeDriver 73.0.3683.68 (47787ec04b6e38e22703e856e101e840b65afe72) on port 2988
Only local connections are allowed.
Please protect ports used by ChromeDriver and related test frameworks to prevent access by malicious code.
</system-err>
  </testcase>
  <testcase name="Test2" classname="com.AutomationTests.demoProject.TestClass1" time="0.017">
    <failure message="unknown error: unhandled inspector error: {&quot;code&quot;:-32000,&quot;message&quot;:&quot;Cannot navigate to invalid URL&quot;}&#10;  (Session info: chrome=73.0.3683.86)&#10;  (Driver info: chromedriver=73.0.3683.68 (47787ec04b6e38e22703e856e101e840b65afe72),platform=Mac OS X 10.14.0 x86_64) (WARNING: The server did not provide any stacktrace information)&#10;Command duration or timeout: 7 milliseconds&#10;Build info: version: &apos;2.53.0&apos;, revision: &apos;35ae25b1534ae328c771e0856c93e187490ca824&apos;, time: &apos;2016-03-15 10:43:46&apos;&#10;System info: host: &apos;Harishs-Air-2224&apos;, ip: &apos;192.168.43.161&apos;, os.name: &apos;Mac OS X&apos;, os.arch: &apos;x86_64&apos;, os.version: &apos;10.14&apos;, java.version: &apos;10.0.1&apos;&#10;Driver info: org.openqa.selenium.chrome.ChromeDriver&#10;Capabilities [{mobileEmulationEnabled=false, timeouts={implicit=0, pageLoad=300000, script=30000}, hasTouchScreen=false, platform=MAC, acceptSslCerts=false, goog:chromeOptions={debuggerAddress=localhost:51142}, acceptInsecureCerts=false, webStorageEnabled=true, browserName=chrome, takesScreenshot=true, javascriptEnabled=true, setWindowRect=true, unexpectedAlertBehaviour=ignore, applicationCacheEnabled=false, rotatable=false, networkConnectionEnabled=false, chrome={chromedriverVersion=73.0.3683.68 (47787ec04b6e38e22703e856e101e840b65afe72), userDataDir=/var/folders/zz/0y4kq19564qbrm24vv7s6_t40000gn/T/.com.google.Chrome.305ymb}, takesHeapSnapshot=true, pageLoadStrategy=normal, strictFileInteractability=false, databaseEnabled=false, handlesAlerts=true, version=73.0.3683.86, browserConnectionEnabled=false, proxy={}, nativeEvents=true, locationContextEnabled=true, cssSelectorsEnabled=true}]&#10;Session ID: 16f75db3f828844d9646e82e6b40b792" type="org.openqa.selenium.WebDriverException">org.openqa.selenium.WebDriverException: unknown error: unhandled inspector error: {"code":-32000,"message":"Cannot navigate to invalid URL"}
  (Session info: chrome=73.0.3683.86)
  (Driver info: chromedriver=73.0.3683.68 (47787ec04b6e38e22703e856e101e840b65afe72),platform=Mac OS X 10.14.0 x86_64) (WARNING: The server did not provide any stacktrace information)
Command duration or timeout: 7 milliseconds
Build info: version: '2.53.0', revision: '35ae25b1534ae328c771e0856c93e187490ca824', time: '2016-03-15 10:43:46'
System info: host: 'Harishs-Air-2224', ip: '192.168.43.161', os.name: 'Mac OS X', os.arch: 'x86_64', os.version: '10.14', java.version: '10.0.1'
Driver info: org.openqa.selenium.chrome.ChromeDriver
Capabilities [{mobileEmulationEnabled=false, timeouts={implicit=0, pageLoad=300000, script=30000}, hasTouchScreen=false, platform=MAC, acceptSslCerts=false, goog:chromeOptions={debuggerAddress=localhost:51142}, acceptInsecureCerts=false, webStorageEnabled=true, browserName=chrome, takesScreenshot=true, javascriptEnabled=true, setWindowRect=true, unexpectedAlertBehaviour=ignore, applicationCacheEnabled=false, rotatable=false, networkConnectionEnabled=false, chrome={chromedriverVersion=73.0.3683.68 (47787ec04b6e38e22703e856e101e840b65afe72), userDataDir=/var/folders/zz/0y4kq19564qbrm24vv7s6_t40000gn/T/.com.google.Chrome.305ymb}, takesHeapSnapshot=true, pageLoadStrategy=normal, strictFileInteractability=false, databaseEnabled=false, handlesAlerts=true, version=73.0.3683.86, browserConnectionEnabled=false, proxy={}, nativeEvents=true, locationContextEnabled=true, cssSelectorsEnabled=true}]
Session ID: 16f75db3f828844d9646e82e6b40b792
	at java.base/jdk.internal.reflect.NativeConstructorAccessorImpl.newInstance0(Native Method)
	at java.base/jdk.internal.reflect.NativeConstructorAccessorImpl.newInstance(NativeConstructorAccessorImpl.java:62)
	at java.base/jdk.internal.reflect.DelegatingConstructorAccessorImpl.newInstance(DelegatingConstructorAccessorImpl.java:45)
	at java.base/java.lang.reflect.Constructor.newInstance(Constructor.java:488)
	at org.openqa.selenium.remote.ErrorHandler.createThrowable(ErrorHandler.java:206)
	at org.openqa.selenium.remote.ErrorHandler.throwIfResponseFailed(ErrorHandler.java:158)
	at org.openqa.selenium.remote.RemoteWebDriver.execute(RemoteWebDriver.java:678)
	at org.openqa.selenium.remote.RemoteWebDriver.get(RemoteWebDriver.java:316)
	at org.openqa.selenium.remote.RemoteWebDriver$RemoteNavigation.to(RemoteWebDriver.java:969)
	at com.AutomationTests.demoProject.TestClass1.Test2(TestClass1.java:42)
</failure>
    <system-out>[/Users/harishsindel/eclipse-workspace/demoProject]
Test2
</system-out>
    <system-err>Starting ChromeDriver 73.0.3683.68 (47787ec04b6e38e22703e856e101e840b65afe72) on port 22782
Only local connections are allowed.
Please protect ports used by ChromeDriver and related test frameworks to prevent access by malicious code.
</system-err>
  </testcase>
  <testcase name="Test3" classname="com.AutomationTests.demoProject.TestClass1" time="0.019">
    <failure message="unknown error: unhandled inspector error: {&quot;code&quot;:-32000,&quot;message&quot;:&quot;Cannot navigate to invalid URL&quot;}&#10;  (Session info: chrome=73.0.3683.86)&#10;  (Driver info: chromedriver=73.0.3683.68 (47787ec04b6e38e22703e856e101e840b65afe72),platform=Mac OS X 10.14.0 x86_64) (WARNING: The server did not provide any stacktrace information)&#10;Command duration or timeout: 7 milliseconds&#10;Build info: version: &apos;2.53.0&apos;, revision: &apos;35ae25b1534ae328c771e0856c93e187490ca824&apos;, time: &apos;2016-03-15 10:43:46&apos;&#10;System info: host: &apos;Harishs-Air-2224&apos;, ip: &apos;192.168.43.161&apos;, os.name: &apos;Mac OS X&apos;, os.arch: &apos;x86_64&apos;, os.version: &apos;10.14&apos;, java.version: &apos;10.0.1&apos;&#10;Driver info: org.openqa.selenium.chrome.ChromeDriver&#10;Capabilities [{mobileEmulationEnabled=false, timeouts={implicit=0, pageLoad=300000, script=30000}, hasTouchScreen=false, platform=MAC, acceptSslCerts=false, goog:chromeOptions={debuggerAddress=localhost:51158}, acceptInsecureCerts=false, webStorageEnabled=true, browserName=chrome, takesScreenshot=true, javascriptEnabled=true, setWindowRect=true, unexpectedAlertBehaviour=ignore, applicationCacheEnabled=false, rotatable=false, networkConnectionEnabled=false, chrome={chromedriverVersion=73.0.3683.68 (47787ec04b6e38e22703e856e101e840b65afe72), userDataDir=/var/folders/zz/0y4kq19564qbrm24vv7s6_t40000gn/T/.com.google.Chrome.3hnuFb}, takesHeapSnapshot=true, pageLoadStrategy=normal, strictFileInteractability=false, databaseEnabled=false, handlesAlerts=true, version=73.0.3683.86, browserConnectionEnabled=false, proxy={}, nativeEvents=true, locationContextEnabled=true, cssSelectorsEnabled=true}]&#10;Session ID: c5e50db0de97aed4e50542f3cdbe683a" type="org.openqa.selenium.WebDriverException">org.openqa.selenium.WebDriverException: unknown error: unhandled inspector error: {"code":-32000,"message":"Cannot navigate to invalid URL"}
  (Session info: chrome=73.0.3683.86)
  (Driver info: chromedriver=73.0.3683.68 (47787ec04b6e38e22703e856e101e840b65afe72),platform=Mac OS X 10.14.0 x86_64) (WARNING: The server did not provide any stacktrace information)
Command duration or timeout: 7 milliseconds
Build info: version: '2.53.0', revision: '35ae25b1534ae328c771e0856c93e187490ca824', time: '2016-03-15 10:43:46'
System info: host: 'Harishs-Air-2224', ip: '192.168.43.161', os.name: 'Mac OS X', os.arch: 'x86_64', os.version: '10.14', java.version: '10.0.1'
Driver info: org.openqa.selenium.chrome.ChromeDriver
Capabilities [{mobileEmulationEnabled=false, timeouts={implicit=0, pageLoad=300000, script=30000}, hasTouchScreen=false, platform=MAC, acceptSslCerts=false, goog:chromeOptions={debuggerAddress=localhost:51158}, acceptInsecureCerts=false, webStorageEnabled=true, browserName=chrome, takesScreenshot=true, javascriptEnabled=true, setWindowRect=true, unexpectedAlertBehaviour=ignore, applicationCacheEnabled=false, rotatable=false, networkConnectionEnabled=false, chrome={chromedriverVersion=73.0.3683.68 (47787ec04b6e38e22703e856e101e840b65afe72), userDataDir=/var/folders/zz/0y4kq19564qbrm24vv7s6_t40000gn/T/.com.google.Chrome.3hnuFb}, takesHeapSnapshot=true, pageLoadStrategy=normal, strictFileInteractability=false, databaseEnabled=false, handlesAlerts=true, version=73.0.3683.86, browserConnectionEnabled=false, proxy={}, nativeEvents=true, locationContextEnabled=true, cssSelectorsEnabled=true}]
Session ID: c5e50db0de97aed4e50542f3cdbe683a
	at java.base/jdk.internal.reflect.NativeConstructorAccessorImpl.newInstance0(Native Method)
	at java.base/jdk.internal.reflect.NativeConstructorAccessorImpl.newInstance(NativeConstructorAccessorImpl.java:62)
	at java.base/jdk.internal.reflect.DelegatingConstructorAccessorImpl.newInstance(DelegatingConstructorAccessorImpl.java:45)
	at java.base/java.lang.reflect.Constructor.newInstance(Constructor.java:488)
	at org.openqa.selenium.remote.ErrorHandler.createThrowable(ErrorHandler.java:206)
	at org.openqa.selenium.remote.ErrorHandler.throwIfResponseFailed(ErrorHandler.java:158)
	at org.openqa.selenium.remote.RemoteWebDriver.execute(RemoteWebDriver.java:678)
	at org.openqa.selenium.remote.RemoteWebDriver.get(RemoteWebDriver.java:316)
	at org.openqa.selenium.remote.RemoteWebDriver$RemoteNavigation.to(RemoteWebDriver.java:969)
	at com.AutomationTests.demoProject.TestClass1.Test3(TestClass1.java:50)
</failure>
    <system-out>[/Users/harishsindel/eclipse-workspace/demoProject]
Test3
</system-out>
    <system-err>Starting ChromeDriver 73.0.3683.68 (47787ec04b6e38e22703e856e101e840b65afe72) on port 45789
Only local connections are allowed.
Please protect ports used by ChromeDriver and related test frameworks to prevent access by malicious code.
</system-err>
  </testcase>
</testsuite>